<?xml version="1.0" encoding="UTF-8"?>
<testsuite xmlns:xsi="http://www.w3.org/2001/XMLSchema-instance" xsi:noNamespaceSchemaLocation="https://maven.apache.org/surefire/maven-surefire-plugin/xsd/surefire-test-report.xsd" version="3.0.2" name="com.example.filmmanagerbackend.FilmmanagerBackendApplicationTests" time="8.351" tests="1" errors="0" skipped="0" failures="0">
  <properties>
[...]
</properties>
  <testcase name="contextLoads" classname="com.example.filmmanagerbackend.FilmmanagerBackendApplicationTests" time="0.551">
    <system-out><![CDATA[11:27:11.537 [main] INFO org.springframework.test.context.support.AnnotationConfigContextLoaderUtils -- Could not detect default configuration classes for test class [com.example.filmmanagerbackend.FilmmanagerBackendApplicationTests]: FilmmanagerBackendApplicationTests does not declare any static, non-private, non-final, nested classes annotated with @Configuration.
11:27:11.744 [main] INFO org.springframework.boot.test.context.SpringBootTestContextBootstrapper -- Found @SpringBootConfiguration com.example.filmmanagerbackend.FilmmanagerBackendApplication for test class com.example.filmmanagerbackend.FilmmanagerBackendApplicationTests

  .   ____          _            __ _ _
 /\\ / ___'_ __ _ _(_)_ __  __ _ \ \ \ \
( ( )\___ | '_ | '_| | '_ \/ _` | \ \ \ \
 \\/  ___)| |_)| | | | | || (_| |  ) ) ) )
  '  |____| .__|_| |_|_| |_\__, | / / / /
 =========|_|==============|___/=/_/_/_/

 :: Spring Boot ::                (v3.4.5)

2026-04-27T11:27:12.521+02:00  INFO 12180 --- [FilmmanagerBackend] [           main] c.e.f.FilmmanagerBackendApplicationTests : Starting FilmmanagerBackendApplicationTests using Java 21.0.4 with PID 12180 (started by Poelzleitner in C:\HTL\4AHWII\swp\FilmManager\FilmmanagerBackend)
2026-04-27T11:27:12.523+02:00  INFO 12180 --- [FilmmanagerBackend] [           main] c.e.f.FilmmanagerBackendApplicationTests : No active profile set, falling back to 1 default profile: "default"
2026-04-27T11:27:13.723+02:00  INFO 12180 --- [FilmmanagerBackend] [           main] .s.d.r.c.RepositoryConfigurationDelegate : Bootstrapping Spring Data JPA repositories in DEFAULT mode.
2026-04-27T11:27:13.859+02:00  INFO 12180 --- [FilmmanagerBackend] [           main] .s.d.r.c.RepositoryConfigurationDelegate : Finished Spring Data repository scanning in 118 ms. Found 3 JPA repository interfaces.
2026-04-27T11:27:14.743+02:00  INFO 12180 --- [FilmmanagerBackend] [           main] o.hibernate.jpa.internal.util.LogHelper  : HHH000204: Processing PersistenceUnitInfo [name: default]
2026-04-27T11:27:14.864+02:00  INFO 12180 --- [FilmmanagerBackend] [           main] org.hibernate.Version                    : HHH000412: Hibernate ORM core version 6.6.13.Final
2026-04-27T11:27:14.950+02:00  INFO 12180 --- [FilmmanagerBackend] [           main] o.h.c.internal.RegionFactoryInitiator    : HHH000026: Second-level cache disabled
2026-04-27T11:27:15.620+02:00  INFO 12180 --- [FilmmanagerBackend] [           main] o.s.o.j.p.SpringPersistenceUnitInfo      : No LoadTimeWeaver setup: ignoring JPA class transformer
2026-04-27T11:27:15.711+02:00  INFO 12180 --- [FilmmanagerBackend] [           main] com.zaxxer.hikari.HikariDataSource       : HikariPool-1 - Starting...
2026-04-27T11:27:16.087+02:00  INFO 12180 --- [FilmmanagerBackend] [           main] com.zaxxer.hikari.pool.HikariPool        : HikariPool-1 - Added connection conn0: url=jdbc:h2:mem:filmmanager user=SA
2026-04-27T11:27:16.090+02:00  INFO 12180 --- [FilmmanagerBackend] [           main] com.zaxxer.hikari.HikariDataSource       : HikariPool-1 - Start completed.
2026-04-27T11:27:16.181+02:00  INFO 12180 --- [FilmmanagerBackend] [           main] org.hibernate.orm.connections.pooling    : HHH10001005: Database info:
	Database JDBC URL [Connecting through datasource 'HikariDataSource (HikariPool-1)']
	Database driver: undefined/unknown
	Database version: 2.3.232
	Autocommit mode: undefined/unknown
	Isolation level: undefined/unknown
	Minimum pool size: undefined/unknown
	Maximum pool size: undefined/unknown
2026-04-27T11:27:17.447+02:00  INFO 12180 --- [FilmmanagerBackend] [           main] o.h.e.t.j.p.i.JtaPlatformInitiator       : HHH000489: No JTA platform available (set 'hibernate.transaction.jta.platform' to enable JTA platform integration)
2026-04-27T11:27:17.579+02:00  INFO 12180 --- [FilmmanagerBackend] [           main] j.LocalContainerEntityManagerFactoryBean : Initialized JPA EntityManagerFactory for persistence unit 'default'
2026-04-27T11:27:18.905+02:00  INFO 12180 --- [FilmmanagerBackend] [           main] o.s.b.a.h2.H2ConsoleAutoConfiguration    : H2 console available at '/h2-console'. Database available at 'jdbc:h2:mem:filmmanager'
2026-04-27T11:27:19.012+02:00  INFO 12180 --- [FilmmanagerBackend] [           main] c.e.f.FilmmanagerBackendApplicationTests : Started FilmmanagerBackendApplicationTests in 7.009 seconds (process running for 8.716)
]]></system-out>
    <system-err><![CDATA[Mockito is currently self-attaching to enable the inline-mock-maker. This will no longer work in future releases of the JDK. Please add Mockito as an agent to your build what is described in Mockito's documentation: https://javadoc.io/doc/org.mockito/mockito-core/latest/org/mockito/Mockito.html#0.3
WARNING: A Java agent has been loaded dynamically (C:\Users\Poelzleitner\.m2\repository\net\bytebuddy\byte-buddy-agent\1.15.11\byte-buddy-agent-1.15.11.jar)
WARNING: If a serviceability tool is in use, please run with -XX:+EnableDynamicAgentLoading to hide this warning
WARNING: If a serviceability tool is not in use, please run with -Djdk.instrument.traceUsage for more information
WARNING: Dynamic loading of agents will be disallowed by default in a future release
]]></system-err>
  </testcase>
</testsuite>